<?xml version="1.0" encoding="UTF-8"?>
<testng-results ignored="0" total="1" passed="1" failed="0" skipped="0">
  <reporter-output>
  </reporter-output>
  <suite started-at="2024-07-31T11:26:55 IST" name="Default suite" finished-at="2024-07-31T11:27:08 IST" duration-ms="12957">
    <groups>
    </groups>
    <test started-at="2024-07-31T11:26:55 IST" name="Default test" finished-at="2024-07-31T11:27:08 IST" duration-ms="12957">
      <class name="Booking.TC_02_CreateBooking">
        <test-method signature="CreateBooking()[pri:0, instance:Booking.TC_02_CreateBooking@3023df74]" started-at="2024-07-31T11:26:55 IST" name="CreateBooking" finished-at="2024-07-31T11:27:08 IST" duration-ms="12468" status="PASS">
          <reporter-output>
          </reporter-output>
        </test-method> <!-- CreateBooking -->
      </class> <!-- Booking.TC_02_CreateBooking -->
    </test> <!-- Default test -->
  </suite> <!-- Default suite -->
</testng-results>
